Processing sample file: /mnt/mydrive/liasampling/time_limt_900/QF_LIA/20180326-Bromberger/unbd-sage/unbd010v15c/unbd-sage6.smt2.samples
Corresponding SMT file: QF_LIA/20180326-Bromberger/unbd-sage/unbd010v15c/unbd-sage6.smt2
Output will be saved to: calc_res/liasampling/time_limit_900/hybrid/QF_LIA/20180326-Bromberger/unbd-sage/unbd010v15c/unbd-sage6.smt2.out
Processing sample file: /mnt/mydrive/liasampling/time_limt_900/QF_LIA/20180326-Bromberger/unbd-sage/unbd010v15c/unbd-sage18.smt2.samples
Corresponding SMT file: QF_LIA/20180326-Bromberger/unbd-sage/unbd010v15c/unbd-sage18.smt2
Output will be saved to: calc_res/liasampling/time_limit_900/hybrid/QF_LIA/20180326-Bromberger/unbd-sage/unbd010v15c/unbd-sage18.smt2.out
Processing sample file: /mnt/mydrive/liasampling/time_limt_900/QF_LIA/20180326-Bromberger/unbd-sage/unbd010v15c/unbd-sage21.smt2.samples
Corresponding SMT file: QF_LIA/20180326-Bromberger/unbd-sage/unbd010v15c/unbd-sage21.smt2
Output will be saved to: calc_res/liasampling/time_limit_900/hybrid/QF_LIA/20180326-Bromberger/unbd-sage/unbd010v15c/unbd-sage21.smt2.out
Processing sample file: /mnt/mydrive/liasampling/time_limt_900/QF_LIA/20180326-Bromberger/unbd-sage/unbd010v15c/unbd-sage3.smt2.samples
Corresponding SMT file: QF_LIA/20180326-Bromberger/unbd-sage/unbd010v15c/unbd-sage3.smt2
Output will be saved to: calc_res/liasampling/time_limit_900/hybrid/QF_LIA/20180326-Bromberger/unbd-sage/unbd010v15c/unbd-sage3.smt2.out
Processing sample file: /mnt/mydrive/liasampling/time_limt_900/QF_LIA/20180326-Bromberger/unbd-sage/unbd010v15c/unbd-sage19.smt2.samples
Corresponding SMT file: QF_LIA/20180326-Bromberger/unbd-sage/unbd010v15c/unbd-sage19.smt2
Output will be saved to: calc_res/liasampling/time_limit_900/hybrid/QF_LIA/20180326-Bromberger/unbd-sage/unbd010v15c/unbd-sage19.smt2.out
Processing sample file: /mnt/mydrive/liasampling/time_limt_900/QF_LIA/20180326-Bromberger/unbd-sage/unbd010v15c/unbd-sage10.smt2.samples
Corresponding SMT file: QF_LIA/20180326-Bromberger/unbd-sage/unbd010v15c/unbd-sage10.smt2
Output will be saved to: calc_res/liasampling/time_limit_900/hybrid/QF_LIA/20180326-Bromberger/unbd-sage/unbd010v15c/unbd-sage10.smt2.out
Processing sample file: /mnt/mydrive/liasampling/time_limt_900/QF_LIA/20180326-Bromberger/unbd-sage/unbd010v15c/unbd-sage23.smt2.samples
Corresponding SMT file: QF_LIA/20180326-Bromberger/unbd-sage/unbd010v15c/unbd-sage23.smt2
Output will be saved to: calc_res/liasampling/time_limit_900/hybrid/QF_LIA/20180326-Bromberger/unbd-sage/unbd010v15c/unbd-sage23.smt2.out
Processing sample file: /mnt/mydrive/liasampling/time_limt_900/QF_LIA/20180326-Bromberger/unbd-sage/unbd010v15c/unbd-sage22.smt2.samples
Corresponding SMT file: QF_LIA/20180326-Bromberger/unbd-sage/unbd010v15c/unbd-sage22.smt2
Output will be saved to: calc_res/liasampling/time_limit_900/hybrid/QF_LIA/20180326-Bromberger/unbd-sage/unbd010v15c/unbd-sage22.smt2.out
Processing sample file: /mnt/mydrive/liasampling/time_limt_900/QF_LIA/20180326-Bromberger/unbd-sage/unbd010v15c/unbd-sage17.smt2.samples
Corresponding SMT file: QF_LIA/20180326-Bromberger/unbd-sage/unbd010v15c/unbd-sage17.smt2
Output will be saved to: calc_res/liasampling/time_limit_900/hybrid/QF_LIA/20180326-Bromberger/unbd-sage/unbd010v15c/unbd-sage17.smt2.out
Processing sample file: /mnt/mydrive/liasampling/time_limt_900/QF_LIA/20180326-Bromberger/unbd-sage/unbd010v15c/unbd-sage4.smt2.samples
Corresponding SMT file: QF_LIA/20180326-Bromberger/unbd-sage/unbd010v15c/unbd-sage4.smt2
Output will be saved to: calc_res/liasampling/time_limit_900/hybrid/QF_LIA/20180326-Bromberger/unbd-sage/unbd010v15c/unbd-sage4.smt2.out
Processing sample file: /mnt/mydrive/liasampling/time_limt_900/QF_LIA/20180326-Bromberger/unbd-sage/unbd010v15c/unbd-sage11.smt2.samples
Corresponding SMT file: QF_LIA/20180326-Bromberger/unbd-sage/unbd010v15c/unbd-sage11.smt2
Output will be saved to: calc_res/liasampling/time_limit_900/hybrid/QF_LIA/20180326-Bromberger/unbd-sage/unbd010v15c/unbd-sage11.smt2.out
Processing sample file: /mnt/mydrive/liasampling/time_limt_900/QF_LIA/20180326-Bromberger/unbd-sage/unbd010v15c/unbd-sage1.smt2.samples
Corresponding SMT file: QF_LIA/20180326-Bromberger/unbd-sage/unbd010v15c/unbd-sage1.smt2
Output will be saved to: calc_res/liasampling/time_limit_900/hybrid/QF_LIA/20180326-Bromberger/unbd-sage/unbd010v15c/unbd-sage1.smt2.out
Processing sample file: /mnt/mydrive/liasampling/time_limt_900/QF_LIA/20180326-Bromberger/unbd-sage/unbd010v15c/unbd-sage13.smt2.samples
Corresponding SMT file: QF_LIA/20180326-Bromberger/unbd-sage/unbd010v15c/unbd-sage13.smt2
Output will be saved to: calc_res/liasampling/time_limit_900/hybrid/QF_LIA/20180326-Bromberger/unbd-sage/unbd010v15c/unbd-sage13.smt2.out
Processing sample file: /mnt/mydrive/liasampling/time_limt_900/QF_LIA/20180326-Bromberger/unbd-sage/unbd010v15c/unbd-sage12.smt2.samples
Corresponding SMT file: QF_LIA/20180326-Bromberger/unbd-sage/unbd010v15c/unbd-sage12.smt2
Output will be saved to: calc_res/liasampling/time_limit_900/hybrid/QF_LIA/20180326-Bromberger/unbd-sage/unbd010v15c/unbd-sage12.smt2.out
Processing sample file: /mnt/mydrive/liasampling/time_limt_900/QF_LIA/20180326-Bromberger/unbd-sage/unbd010v15c/unbd-sage24.smt2.samples
Corresponding SMT file: QF_LIA/20180326-Bromberger/unbd-sage/unbd010v15c/unbd-sage24.smt2
Output will be saved to: calc_res/liasampling/time_limit_900/hybrid/QF_LIA/20180326-Bromberger/unbd-sage/unbd010v15c/unbd-sage24.smt2.out
Processing sample file: /mnt/mydrive/liasampling/time_limt_900/QF_LIA/20180326-Bromberger/more_slacked/CAV_2009_benchmarks/smt/20-vars/v20_problem__028.smt2.slack.smt2.samples
Corresponding SMT file: QF_LIA/20180326-Bromberger/more_slacked/CAV_2009_benchmarks/smt/20-vars/v20_problem__028.smt2.slack.smt2
Output will be saved to: calc_res/liasampling/time_limit_900/hybrid/QF_LIA/20180326-Bromberger/more_slacked/CAV_2009_benchmarks/smt/20-vars/v20_problem__028.smt2.slack.smt2.out
Processing sample file: /mnt/mydrive/liasampling/time_limt_900/QF_LIA/20180326-Bromberger/more_slacked/CAV_2009_benchmarks/smt/20-vars/v20_problem_2__035.smt2.slack.smt2.samples
Corresponding SMT file: QF_LIA/20180326-Bromberger/more_slacked/CAV_2009_benchmarks/smt/20-vars/v20_problem_2__035.smt2.slack.smt2
Output will be saved to: calc_res/liasampling/time_limit_900/hybrid/QF_LIA/20180326-Bromberger/more_slacked/CAV_2009_benchmarks/smt/20-vars/v20_problem_2__035.smt2.slack.smt2.out
Processing sample file: /mnt/mydrive/liasampling/time_limt_900/QF_LIA/20180326-Bromberger/more_slacked/CAV_2009_benchmarks/smt/20-vars/v20_problem__030.smt2.slack.smt2.samples
Corresponding SMT file: QF_LIA/20180326-Bromberger/more_slacked/CAV_2009_benchmarks/smt/20-vars/v20_problem__030.smt2.slack.smt2
Output will be saved to: calc_res/liasampling/time_limit_900/hybrid/QF_LIA/20180326-Bromberger/more_slacked/CAV_2009_benchmarks/smt/20-vars/v20_problem__030.smt2.slack.smt2.out
Processing sample file: /mnt/mydrive/liasampling/time_limt_900/QF_LIA/20180326-Bromberger/more_slacked/CAV_2009_benchmarks/smt/20-vars/v20_problem_2__018.smt2.slack.smt2.samples
Corresponding SMT file: QF_LIA/20180326-Bromberger/more_slacked/CAV_2009_benchmarks/smt/20-vars/v20_problem_2__018.smt2.slack.smt2
Output will be saved to: calc_res/liasampling/time_limit_900/hybrid/QF_LIA/20180326-Bromberger/more_slacked/CAV_2009_benchmarks/smt/20-vars/v20_problem_2__018.smt2.slack.smt2.out
Processing sample file: /mnt/mydrive/liasampling/time_limt_900/QF_LIA/20180326-Bromberger/more_slacked/CAV_2009_benchmarks/smt/20-vars/v20_problem__021.smt2.slack.smt2.samples
Corresponding SMT file: QF_LIA/20180326-Bromberger/more_slacked/CAV_2009_benchmarks/smt/20-vars/v20_problem__021.smt2.slack.smt2
Output will be saved to: calc_res/liasampling/time_limit_900/hybrid/QF_LIA/20180326-Bromberger/more_slacked/CAV_2009_benchmarks/smt/20-vars/v20_problem__021.smt2.slack.smt2.out
Processing sample file: /mnt/mydrive/liasampling/time_limt_900/QF_LIA/20180326-Bromberger/more_slacked/CAV_2009_benchmarks/smt/20-vars/v20_problem__011.smt2.slack.smt2.samples
Corresponding SMT file: QF_LIA/20180326-Bromberger/more_slacked/CAV_2009_benchmarks/smt/20-vars/v20_problem__011.smt2.slack.smt2
Output will be saved to: calc_res/liasampling/time_limit_900/hybrid/QF_LIA/20180326-Bromberger/more_slacked/CAV_2009_benchmarks/smt/20-vars/v20_problem__011.smt2.slack.smt2.out
Processing sample file: /mnt/mydrive/liasampling/time_limt_900/QF_LIA/20180326-Bromberger/more_slacked/CAV_2009_benchmarks/smt/20-vars/v20_problem_2__013.smt2.slack.smt2.samples
Corresponding SMT file: QF_LIA/20180326-Bromberger/more_slacked/CAV_2009_benchmarks/smt/20-vars/v20_problem_2__013.smt2.slack.smt2
Output will be saved to: calc_res/liasampling/time_limit_900/hybrid/QF_LIA/20180326-Bromberger/more_slacked/CAV_2009_benchmarks/smt/20-vars/v20_problem_2__013.smt2.slack.smt2.out
Processing sample file: /mnt/mydrive/liasampling/time_limt_900/QF_LIA/20180326-Bromberger/more_slacked/CAV_2009_benchmarks/smt/20-vars/v20_problem_2__012.smt2.slack.smt2.samples
Corresponding SMT file: QF_LIA/20180326-Bromberger/more_slacked/CAV_2009_benchmarks/smt/20-vars/v20_problem_2__012.smt2.slack.smt2
Output will be saved to: calc_res/liasampling/time_limit_900/hybrid/QF_LIA/20180326-Bromberger/more_slacked/CAV_2009_benchmarks/smt/20-vars/v20_problem_2__012.smt2.slack.smt2.out
Processing sample file: /mnt/mydrive/liasampling/time_limt_900/QF_LIA/20180326-Bromberger/more_slacked/CAV_2009_benchmarks/smt/20-vars/v20_problem_2__005.smt2.slack.smt2.samples
Corresponding SMT file: QF_LIA/20180326-Bromberger/more_slacked/CAV_2009_benchmarks/smt/20-vars/v20_problem_2__005.smt2.slack.smt2
Output will be saved to: calc_res/liasampling/time_limit_900/hybrid/QF_LIA/20180326-Bromberger/more_slacked/CAV_2009_benchmarks/smt/20-vars/v20_problem_2__005.smt2.slack.smt2.out
Processing sample file: /mnt/mydrive/liasampling/time_limt_900/QF_LIA/20180326-Bromberger/more_slacked/CAV_2009_benchmarks/smt/20-vars/v20_problem_2__016.smt2.slack.smt2.samples
Corresponding SMT file: QF_LIA/20180326-Bromberger/more_slacked/CAV_2009_benchmarks/smt/20-vars/v20_problem_2__016.smt2.slack.smt2
Output will be saved to: calc_res/liasampling/time_limit_900/hybrid/QF_LIA/20180326-Bromberger/more_slacked/CAV_2009_benchmarks/smt/20-vars/v20_problem_2__016.smt2.slack.smt2.out
Processing sample file: /mnt/mydrive/liasampling/time_limt_900/QF_LIA/20180326-Bromberger/more_slacked/CAV_2009_benchmarks/smt/20-vars/v20_problem__002.smt2.slack.smt2.samples
Corresponding SMT file: QF_LIA/20180326-Bromberger/more_slacked/CAV_2009_benchmarks/smt/20-vars/v20_problem__002.smt2.slack.smt2
Output will be saved to: calc_res/liasampling/time_limit_900/hybrid/QF_LIA/20180326-Bromberger/more_slacked/CAV_2009_benchmarks/smt/20-vars/v20_problem__002.smt2.slack.smt2.out
Processing sample file: /mnt/mydrive/liasampling/time_limt_900/QF_LIA/20180326-Bromberger/more_slacked/CAV_2009_benchmarks/smt/20-vars/v20_problem__020.smt2.slack.smt2.samples
Corresponding SMT file: QF_LIA/20180326-Bromberger/more_slacked/CAV_2009_benchmarks/smt/20-vars/v20_problem__020.smt2.slack.smt2
Output will be saved to: calc_res/liasampling/time_limit_900/hybrid/QF_LIA/20180326-Bromberger/more_slacked/CAV_2009_benchmarks/smt/20-vars/v20_problem__020.smt2.slack.smt2.out
Processing sample file: /mnt/mydrive/liasampling/time_limt_900/QF_LIA/20180326-Bromberger/more_slacked/CAV_2009_benchmarks/smt/20-vars/v20_problem__004.smt2.slack.smt2.samples
Corresponding SMT file: QF_LIA/20180326-Bromberger/more_slacked/CAV_2009_benchmarks/smt/20-vars/v20_problem__004.smt2.slack.smt2
Output will be saved to: calc_res/liasampling/time_limit_900/hybrid/QF_LIA/20180326-Bromberger/more_slacked/CAV_2009_benchmarks/smt/20-vars/v20_problem__004.smt2.slack.smt2.out
Processing sample file: /mnt/mydrive/liasampling/time_limt_900/QF_LIA/20180326-Bromberger/more_slacked/CAV_2009_benchmarks/smt/20-vars/v20_problem__001.smt2.slack.smt2.samples
Corresponding SMT file: QF_LIA/20180326-Bromberger/more_slacked/CAV_2009_benchmarks/smt/20-vars/v20_problem__001.smt2.slack.smt2
Output will be saved to: calc_res/liasampling/time_limit_900/hybrid/QF_LIA/20180326-Bromberger/more_slacked/CAV_2009_benchmarks/smt/20-vars/v20_problem__001.smt2.slack.smt2.out
Processing sample file: /mnt/mydrive/liasampling/time_limt_900/QF_LIA/20180326-Bromberger/more_slacked/CAV_2009_benchmarks/smt/20-vars/v20_problem__010.smt2.slack.smt2.samples
Corresponding SMT file: QF_LIA/20180326-Bromberger/more_slacked/CAV_2009_benchmarks/smt/20-vars/v20_problem__010.smt2.slack.smt2
Output will be saved to: calc_res/liasampling/time_limit_900/hybrid/QF_LIA/20180326-Bromberger/more_slacked/CAV_2009_benchmarks/smt/20-vars/v20_problem__010.smt2.slack.smt2.out
Processing sample file: /mnt/mydrive/liasampling/time_limt_900/QF_LIA/20180326-Bromberger/more_slacked/CAV_2009_benchmarks/smt/40-vars/v40_problem__032.smt2.slack.smt2.samples
Corresponding SMT file: QF_LIA/20180326-Bromberger/more_slacked/CAV_2009_benchmarks/smt/40-vars/v40_problem__032.smt2.slack.smt2
Output will be saved to: calc_res/liasampling/time_limit_900/hybrid/QF_LIA/20180326-Bromberger/more_slacked/CAV_2009_benchmarks/smt/40-vars/v40_problem__032.smt2.slack.smt2.out
Processing sample file: /mnt/mydrive/liasampling/time_limt_900/QF_LIA/20180326-Bromberger/more_slacked/CAV_2009_benchmarks/smt/40-vars/v40_problem_2__035.smt2.slack.smt2.samples
Corresponding SMT file: QF_LIA/20180326-Bromberger/more_slacked/CAV_2009_benchmarks/smt/40-vars/v40_problem_2__035.smt2.slack.smt2
Output will be saved to: calc_res/liasampling/time_limit_900/hybrid/QF_LIA/20180326-Bromberger/more_slacked/CAV_2009_benchmarks/smt/40-vars/v40_problem_2__035.smt2.slack.smt2.out
Processing sample file: /mnt/mydrive/liasampling/time_limt_900/QF_LIA/20180326-Bromberger/more_slacked/CAV_2009_benchmarks/smt/40-vars/v40_problem__024.smt2.slack.smt2.samples
Corresponding SMT file: QF_LIA/20180326-Bromberger/more_slacked/CAV_2009_benchmarks/smt/40-vars/v40_problem__024.smt2.slack.smt2
Output will be saved to: calc_res/liasampling/time_limit_900/hybrid/QF_LIA/20180326-Bromberger/more_slacked/CAV_2009_benchmarks/smt/40-vars/v40_problem__024.smt2.slack.smt2.out
Processing sample file: /mnt/mydrive/liasampling/time_limt_900/QF_LIA/20180326-Bromberger/more_slacked/CAV_2009_benchmarks/smt/40-vars/v40_problem_2__034.smt2.slack.smt2.samples
Corresponding SMT file: QF_LIA/20180326-Bromberger/more_slacked/CAV_2009_benchmarks/smt/40-vars/v40_problem_2__034.smt2.slack.smt2
Output will be saved to: calc_res/liasampling/time_limit_900/hybrid/QF_LIA/20180326-Bromberger/more_slacked/CAV_2009_benchmarks/smt/40-vars/v40_problem_2__034.smt2.slack.smt2.out
Processing sample file: /mnt/mydrive/liasampling/time_limt_900/QF_LIA/20180326-Bromberger/more_slacked/CAV_2009_benchmarks/smt/40-vars/v40_problem__025.smt2.slack.smt2.samples
Corresponding SMT file: QF_LIA/20180326-Bromberger/more_slacked/CAV_2009_benchmarks/smt/40-vars/v40_problem__025.smt2.slack.smt2
Output will be saved to: calc_res/liasampling/time_limit_900/hybrid/QF_LIA/20180326-Bromberger/more_slacked/CAV_2009_benchmarks/smt/40-vars/v40_problem__025.smt2.slack.smt2.out
Processing sample file: /mnt/mydrive/liasampling/time_limt_900/QF_LIA/20180326-Bromberger/more_slacked/CAV_2009_benchmarks/smt/40-vars/v40_problem_2__023.smt2.slack.smt2.samples
Corresponding SMT file: QF_LIA/20180326-Bromberger/more_slacked/CAV_2009_benchmarks/smt/40-vars/v40_problem_2__023.smt2.slack.smt2
Output will be saved to: calc_res/liasampling/time_limit_900/hybrid/QF_LIA/20180326-Bromberger/more_slacked/CAV_2009_benchmarks/smt/40-vars/v40_problem_2__023.smt2.slack.smt2.out
Processing sample file: /mnt/mydrive/liasampling/time_limt_900/QF_LIA/20180326-Bromberger/more_slacked/CAV_2009_benchmarks/smt/40-vars/v40_problem_2__017.smt2.slack.smt2.samples
Corresponding SMT file: QF_LIA/20180326-Bromberger/more_slacked/CAV_2009_benchmarks/smt/40-vars/v40_problem_2__017.smt2.slack.smt2
Output will be saved to: calc_res/liasampling/time_limit_900/hybrid/QF_LIA/20180326-Bromberger/more_slacked/CAV_2009_benchmarks/smt/40-vars/v40_problem_2__017.smt2.slack.smt2.out
Processing sample file: /mnt/mydrive/liasampling/time_limt_900/QF_LIA/20180326-Bromberger/more_slacked/CAV_2009_benchmarks/smt/40-vars/v40_problem_2__020.smt2.slack.smt2.samples
Corresponding SMT file: QF_LIA/20180326-Bromberger/more_slacked/CAV_2009_benchmarks/smt/40-vars/v40_problem_2__020.smt2.slack.smt2
Output will be saved to: calc_res/liasampling/time_limit_900/hybrid/QF_LIA/20180326-Bromberger/more_slacked/CAV_2009_benchmarks/smt/40-vars/v40_problem_2__020.smt2.slack.smt2.out
Processing sample file: /mnt/mydrive/liasampling/time_limt_900/QF_LIA/20180326-Bromberger/more_slacked/CAV_2009_benchmarks/smt/40-vars/v40_problem__008.smt2.slack.smt2.samples
Corresponding SMT file: QF_LIA/20180326-Bromberger/more_slacked/CAV_2009_benchmarks/smt/40-vars/v40_problem__008.smt2.slack.smt2
Output will be saved to: calc_res/liasampling/time_limit_900/hybrid/QF_LIA/20180326-Bromberger/more_slacked/CAV_2009_benchmarks/smt/40-vars/v40_problem__008.smt2.slack.smt2.out
Processing sample file: /mnt/mydrive/liasampling/time_limt_900/QF_LIA/20180326-Bromberger/more_slacked/CAV_2009_benchmarks/smt/40-vars/v40_problem_2__027.smt2.slack.smt2.samples
Corresponding SMT file: QF_LIA/20180326-Bromberger/more_slacked/CAV_2009_benchmarks/smt/40-vars/v40_problem_2__027.smt2.slack.smt2
Output will be saved to: calc_res/liasampling/time_limit_900/hybrid/QF_LIA/20180326-Bromberger/more_slacked/CAV_2009_benchmarks/smt/40-vars/v40_problem_2__027.smt2.slack.smt2.out
Processing sample file: /mnt/mydrive/liasampling/time_limt_900/QF_LIA/20180326-Bromberger/more_slacked/CAV_2009_benchmarks/smt/40-vars/v40_problem__004.smt2.slack.smt2.samples
Corresponding SMT file: QF_LIA/20180326-Bromberger/more_slacked/CAV_2009_benchmarks/smt/40-vars/v40_problem__004.smt2.slack.smt2
Output will be saved to: calc_res/liasampling/time_limit_900/hybrid/QF_LIA/20180326-Bromberger/more_slacked/CAV_2009_benchmarks/smt/40-vars/v40_problem__004.smt2.slack.smt2.out
Processing sample file: /mnt/mydrive/liasampling/time_limt_900/QF_LIA/20180326-Bromberger/more_slacked/CAV_2009_benchmarks/smt/40-vars/v40_problem_2__018.smt2.slack.smt2.samples
Corresponding SMT file: QF_LIA/20180326-Bromberger/more_slacked/CAV_2009_benchmarks/smt/40-vars/v40_problem_2__018.smt2.slack.smt2
Output will be saved to: calc_res/liasampling/time_limit_900/hybrid/QF_LIA/20180326-Bromberger/more_slacked/CAV_2009_benchmarks/smt/40-vars/v40_problem_2__018.smt2.slack.smt2.out
Processing sample file: /mnt/mydrive/liasampling/time_limt_900/QF_LIA/20180326-Bromberger/more_slacked/CAV_2009_benchmarks/smt/40-vars/v40_problem__022.smt2.slack.smt2.samples
Corresponding SMT file: QF_LIA/20180326-Bromberger/more_slacked/CAV_2009_benchmarks/smt/40-vars/v40_problem__022.smt2.slack.smt2
Output will be saved to: calc_res/liasampling/time_limit_900/hybrid/QF_LIA/20180326-Bromberger/more_slacked/CAV_2009_benchmarks/smt/40-vars/v40_problem__022.smt2.slack.smt2.out
Processing sample file: /mnt/mydrive/liasampling/time_limt_900/QF_LIA/20180326-Bromberger/more_slacked/CAV_2009_benchmarks/smt/40-vars/v40_problem_2__009.smt2.slack.smt2.samples
Corresponding SMT file: QF_LIA/20180326-Bromberger/more_slacked/CAV_2009_benchmarks/smt/40-vars/v40_problem_2__009.smt2.slack.smt2
Output will be saved to: calc_res/liasampling/time_limit_900/hybrid/QF_LIA/20180326-Bromberger/more_slacked/CAV_2009_benchmarks/smt/40-vars/v40_problem_2__009.smt2.slack.smt2.out
Processing sample file: /mnt/mydrive/liasampling/time_limt_900/QF_LIA/20180326-Bromberger/more_slacked/CAV_2009_benchmarks/smt/40-vars/v40_problem_2__022.smt2.slack.smt2.samples
Corresponding SMT file: QF_LIA/20180326-Bromberger/more_slacked/CAV_2009_benchmarks/smt/40-vars/v40_problem_2__022.smt2.slack.smt2
Output will be saved to: calc_res/liasampling/time_limit_900/hybrid/QF_LIA/20180326-Bromberger/more_slacked/CAV_2009_benchmarks/smt/40-vars/v40_problem_2__022.smt2.slack.smt2.out
Processing sample file: /mnt/mydrive/liasampling/time_limt_900/QF_LIA/20180326-Bromberger/more_slacked/CAV_2009_benchmarks/smt/15-vars/v15_problem__017.smt2.slack.smt2.samples
Corresponding SMT file: QF_LIA/20180326-Bromberger/more_slacked/CAV_2009_benchmarks/smt/15-vars/v15_problem__017.smt2.slack.smt2
Output will be saved to: calc_res/liasampling/time_limit_900/hybrid/QF_LIA/20180326-Bromberger/more_slacked/CAV_2009_benchmarks/smt/15-vars/v15_problem__017.smt2.slack.smt2.out
Processing sample file: /mnt/mydrive/liasampling/time_limt_900/QF_LIA/20180326-Bromberger/more_slacked/CAV_2009_benchmarks/smt/15-vars/v15_problem_2__015.smt2.slack.smt2.samples
Corresponding SMT file: QF_LIA/20180326-Bromberger/more_slacked/CAV_2009_benchmarks/smt/15-vars/v15_problem_2__015.smt2.slack.smt2
Output will be saved to: calc_res/liasampling/time_limit_900/hybrid/QF_LIA/20180326-Bromberger/more_slacked/CAV_2009_benchmarks/smt/15-vars/v15_problem_2__015.smt2.slack.smt2.out
Processing sample file: /mnt/mydrive/liasampling/time_limt_900/QF_LIA/20180326-Bromberger/more_slacked/CAV_2009_benchmarks/smt/15-vars/v15_problem_2__014.smt2.slack.smt2.samples
Corresponding SMT file: QF_LIA/20180326-Bromberger/more_slacked/CAV_2009_benchmarks/smt/15-vars/v15_problem_2__014.smt2.slack.smt2
Output will be saved to: calc_res/liasampling/time_limit_900/hybrid/QF_LIA/20180326-Bromberger/more_slacked/CAV_2009_benchmarks/smt/15-vars/v15_problem_2__014.smt2.slack.smt2.out
Processing sample file: /mnt/mydrive/liasampling/time_limt_900/QF_LIA/20180326-Bromberger/more_slacked/CAV_2009_benchmarks/smt/15-vars/v15_problem_2__016.smt2.slack.smt2.samples
Corresponding SMT file: QF_LIA/20180326-Bromberger/more_slacked/CAV_2009_benchmarks/smt/15-vars/v15_problem_2__016.smt2.slack.smt2
Output will be saved to: calc_res/liasampling/time_limit_900/hybrid/QF_LIA/20180326-Bromberger/more_slacked/CAV_2009_benchmarks/smt/15-vars/v15_problem_2__016.smt2.slack.smt2.out
Processing sample file: /mnt/mydrive/liasampling/time_limt_900/QF_LIA/20180326-Bromberger/more_slacked/CAV_2009_benchmarks/smt/15-vars/v15_problem_2__018.smt2.slack.smt2.samples
Corresponding SMT file: QF_LIA/20180326-Bromberger/more_slacked/CAV_2009_benchmarks/smt/15-vars/v15_problem_2__018.smt2.slack.smt2
Output will be saved to: calc_res/liasampling/time_limit_900/hybrid/QF_LIA/20180326-Bromberger/more_slacked/CAV_2009_benchmarks/smt/15-vars/v15_problem_2__018.smt2.slack.smt2.out
Processing sample file: /mnt/mydrive/liasampling/time_limt_900/QF_LIA/20180326-Bromberger/more_slacked/CAV_2009_benchmarks/smt/15-vars/v15_problem__021.smt2.slack.smt2.samples
Corresponding SMT file: QF_LIA/20180326-Bromberger/more_slacked/CAV_2009_benchmarks/smt/15-vars/v15_problem__021.smt2.slack.smt2
Output will be saved to: calc_res/liasampling/time_limit_900/hybrid/QF_LIA/20180326-Bromberger/more_slacked/CAV_2009_benchmarks/smt/15-vars/v15_problem__021.smt2.slack.smt2.out
Processing sample file: /mnt/mydrive/liasampling/time_limt_900/QF_LIA/20180326-Bromberger/more_slacked/CAV_2009_benchmarks/smt/15-vars/v15_problem_2__013.smt2.slack.smt2.samples
Corresponding SMT file: QF_LIA/20180326-Bromberger/more_slacked/CAV_2009_benchmarks/smt/15-vars/v15_problem_2__013.smt2.slack.smt2
Output will be saved to: calc_res/liasampling/time_limit_900/hybrid/QF_LIA/20180326-Bromberger/more_slacked/CAV_2009_benchmarks/smt/15-vars/v15_problem_2__013.smt2.slack.smt2.out
Processing sample file: /mnt/mydrive/liasampling/time_limt_900/QF_LIA/20180326-Bromberger/more_slacked/CAV_2009_benchmarks/smt/15-vars/v15_problem__011.smt2.slack.smt2.samples
Corresponding SMT file: QF_LIA/20180326-Bromberger/more_slacked/CAV_2009_benchmarks/smt/15-vars/v15_problem__011.smt2.slack.smt2
Output will be saved to: calc_res/liasampling/time_limit_900/hybrid/QF_LIA/20180326-Bromberger/more_slacked/CAV_2009_benchmarks/smt/15-vars/v15_problem__011.smt2.slack.smt2.out
Processing sample file: /mnt/mydrive/liasampling/time_limt_900/QF_LIA/20180326-Bromberger/more_slacked/CAV_2009_benchmarks/smt/15-vars/v15_problem__005.smt2.slack.smt2.samples
Corresponding SMT file: QF_LIA/20180326-Bromberger/more_slacked/CAV_2009_benchmarks/smt/15-vars/v15_problem__005.smt2.slack.smt2
Output will be saved to: calc_res/liasampling/time_limit_900/hybrid/QF_LIA/20180326-Bromberger/more_slacked/CAV_2009_benchmarks/smt/15-vars/v15_problem__005.smt2.slack.smt2.out
Processing sample file: /mnt/mydrive/liasampling/time_limt_900/QF_LIA/20180326-Bromberger/more_slacked/CAV_2009_benchmarks/smt/15-vars/v15_problem__003.smt2.slack.smt2.samples
Corresponding SMT file: QF_LIA/20180326-Bromberger/more_slacked/CAV_2009_benchmarks/smt/15-vars/v15_problem__003.smt2.slack.smt2
Output will be saved to: calc_res/liasampling/time_limit_900/hybrid/QF_LIA/20180326-Bromberger/more_slacked/CAV_2009_benchmarks/smt/15-vars/v15_problem__003.smt2.slack.smt2.out
Processing sample file: /mnt/mydrive/liasampling/time_limt_900/QF_LIA/20180326-Bromberger/more_slacked/CAV_2009_benchmarks/smt/15-vars/v15_problem_2__009.smt2.slack.smt2.samples
Corresponding SMT file: QF_LIA/20180326-Bromberger/more_slacked/CAV_2009_benchmarks/smt/15-vars/v15_problem_2__009.smt2.slack.smt2
Output will be saved to: calc_res/liasampling/time_limit_900/hybrid/QF_LIA/20180326-Bromberger/more_slacked/CAV_2009_benchmarks/smt/15-vars/v15_problem_2__009.smt2.slack.smt2.out
Processing sample file: /mnt/mydrive/liasampling/time_limt_900/QF_LIA/20180326-Bromberger/more_slacked/CAV_2009_benchmarks/smt/15-vars/v15_problem__014.smt2.slack.smt2.samples
Corresponding SMT file: QF_LIA/20180326-Bromberger/more_slacked/CAV_2009_benchmarks/smt/15-vars/v15_problem__014.smt2.slack.smt2
Output will be saved to: calc_res/liasampling/time_limit_900/hybrid/QF_LIA/20180326-Bromberger/more_slacked/CAV_2009_benchmarks/smt/15-vars/v15_problem__014.smt2.slack.smt2.out
Processing sample file: /mnt/mydrive/liasampling/time_limt_900/QF_LIA/20180326-Bromberger/more_slacked/CAV_2009_benchmarks/smt/15-vars/v15_problem__007.smt2.slack.smt2.samples
Corresponding SMT file: QF_LIA/20180326-Bromberger/more_slacked/CAV_2009_benchmarks/smt/15-vars/v15_problem__007.smt2.slack.smt2
Output will be saved to: calc_res/liasampling/time_limit_900/hybrid/QF_LIA/20180326-Bromberger/more_slacked/CAV_2009_benchmarks/smt/15-vars/v15_problem__007.smt2.slack.smt2.out
Processing sample file: /mnt/mydrive/liasampling/time_limt_900/QF_LIA/20180326-Bromberger/more_slacked/CAV_2009_benchmarks/smt/15-vars/v15_problem__008.smt2.slack.smt2.samples
Corresponding SMT file: QF_LIA/20180326-Bromberger/more_slacked/CAV_2009_benchmarks/smt/15-vars/v15_problem__008.smt2.slack.smt2
Output will be saved to: calc_res/liasampling/time_limit_900/hybrid/QF_LIA/20180326-Bromberger/more_slacked/CAV_2009_benchmarks/smt/15-vars/v15_problem__008.smt2.slack.smt2.out
Processing sample file: /mnt/mydrive/liasampling/time_limt_900/QF_LIA/20180326-Bromberger/more_slacked/CAV_2009_benchmarks/smt/15-vars/v15_problem__006.smt2.slack.smt2.samples
Corresponding SMT file: QF_LIA/20180326-Bromberger/more_slacked/CAV_2009_benchmarks/smt/15-vars/v15_problem__006.smt2.slack.smt2
Output will be saved to: calc_res/liasampling/time_limit_900/hybrid/QF_LIA/20180326-Bromberger/more_slacked/CAV_2009_benchmarks/smt/15-vars/v15_problem__006.smt2.slack.smt2.out
Processing sample file: /mnt/mydrive/liasampling/time_limt_900/QF_LIA/20180326-Bromberger/more_slacked/CAV_2009_benchmarks/smt/25-vars/v25_problem__033.smt2.slack.smt2.samples
Corresponding SMT file: QF_LIA/20180326-Bromberger/more_slacked/CAV_2009_benchmarks/smt/25-vars/v25_problem__033.smt2.slack.smt2
Output will be saved to: calc_res/liasampling/time_limit_900/hybrid/QF_LIA/20180326-Bromberger/more_slacked/CAV_2009_benchmarks/smt/25-vars/v25_problem__033.smt2.slack.smt2.out
Processing sample file: /mnt/mydrive/liasampling/time_limt_900/QF_LIA/20180326-Bromberger/more_slacked/CAV_2009_benchmarks/smt/25-vars/v25_problem_2__021.smt2.slack.smt2.samples
Corresponding SMT file: QF_LIA/20180326-Bromberger/more_slacked/CAV_2009_benchmarks/smt/25-vars/v25_problem_2__021.smt2.slack.smt2
Output will be saved to: calc_res/liasampling/time_limit_900/hybrid/QF_LIA/20180326-Bromberger/more_slacked/CAV_2009_benchmarks/smt/25-vars/v25_problem_2__021.smt2.slack.smt2.out
Processing sample file: /mnt/mydrive/liasampling/time_limt_900/QF_LIA/20180326-Bromberger/more_slacked/CAV_2009_benchmarks/smt/25-vars/v25_problem_2__034.smt2.slack.smt2.samples
Corresponding SMT file: QF_LIA/20180326-Bromberger/more_slacked/CAV_2009_benchmarks/smt/25-vars/v25_problem_2__034.smt2.slack.smt2
Output will be saved to: calc_res/liasampling/time_limit_900/hybrid/QF_LIA/20180326-Bromberger/more_slacked/CAV_2009_benchmarks/smt/25-vars/v25_problem_2__034.smt2.slack.smt2.out
Processing sample file: /mnt/mydrive/liasampling/time_limt_900/QF_LIA/20180326-Bromberger/more_slacked/CAV_2009_benchmarks/smt/25-vars/v25_problem__014.smt2.slack.smt2.samples
Corresponding SMT file: QF_LIA/20180326-Bromberger/more_slacked/CAV_2009_benchmarks/smt/25-vars/v25_problem__014.smt2.slack.smt2
Output will be saved to: calc_res/liasampling/time_limit_900/hybrid/QF_LIA/20180326-Bromberger/more_slacked/CAV_2009_benchmarks/smt/25-vars/v25_problem__014.smt2.slack.smt2.out
Processing sample file: /mnt/mydrive/liasampling/time_limt_900/QF_LIA/20180326-Bromberger/more_slacked/CAV_2009_benchmarks/smt/25-vars/v25_problem__008.smt2.slack.smt2.samples
Corresponding SMT file: QF_LIA/20180326-Bromberger/more_slacked/CAV_2009_benchmarks/smt/25-vars/v25_problem__008.smt2.slack.smt2
Output will be saved to: calc_res/liasampling/time_limit_900/hybrid/QF_LIA/20180326-Bromberger/more_slacked/CAV_2009_benchmarks/smt/25-vars/v25_problem__008.smt2.slack.smt2.out
Processing sample file: /mnt/mydrive/liasampling/time_limt_900/QF_LIA/20180326-Bromberger/more_slacked/CAV_2009_benchmarks/smt/25-vars/v25_problem_2__023.smt2.slack.smt2.samples
Corresponding SMT file: QF_LIA/20180326-Bromberger/more_slacked/CAV_2009_benchmarks/smt/25-vars/v25_problem_2__023.smt2.slack.smt2
Output will be saved to: calc_res/liasampling/time_limit_900/hybrid/QF_LIA/20180326-Bromberger/more_slacked/CAV_2009_benchmarks/smt/25-vars/v25_problem_2__023.smt2.slack.smt2.out
Processing sample file: /mnt/mydrive/liasampling/time_limt_900/QF_LIA/20180326-Bromberger/more_slacked/CAV_2009_benchmarks/smt/25-vars/v25_problem_2__019.smt2.slack.smt2.samples
Corresponding SMT file: QF_LIA/20180326-Bromberger/more_slacked/CAV_2009_benchmarks/smt/25-vars/v25_problem_2__019.smt2.slack.smt2
Output will be saved to: calc_res/liasampling/time_limit_900/hybrid/QF_LIA/20180326-Bromberger/more_slacked/CAV_2009_benchmarks/smt/25-vars/v25_problem_2__019.smt2.slack.smt2.out
Processing sample file: /mnt/mydrive/liasampling/time_limt_900/QF_LIA/20180326-Bromberger/more_slacked/CAV_2009_benchmarks/smt/25-vars/v25_problem__016.smt2.slack.smt2.samples
Corresponding SMT file: QF_LIA/20180326-Bromberger/more_slacked/CAV_2009_benchmarks/smt/25-vars/v25_problem__016.smt2.slack.smt2
Output will be saved to: calc_res/liasampling/time_limit_900/hybrid/QF_LIA/20180326-Bromberger/more_slacked/CAV_2009_benchmarks/smt/25-vars/v25_problem__016.smt2.slack.smt2.out
Processing sample file: /mnt/mydrive/liasampling/time_limt_900/QF_LIA/20180326-Bromberger/more_slacked/CAV_2009_benchmarks/smt/25-vars/v25_problem__017.smt2.slack.smt2.samples
Corresponding SMT file: QF_LIA/20180326-Bromberger/more_slacked/CAV_2009_benchmarks/smt/25-vars/v25_problem__017.smt2.slack.smt2
Output will be saved to: calc_res/liasampling/time_limit_900/hybrid/QF_LIA/20180326-Bromberger/more_slacked/CAV_2009_benchmarks/smt/25-vars/v25_problem__017.smt2.slack.smt2.out
Processing sample file: /mnt/mydrive/liasampling/time_limt_900/QF_LIA/20180326-Bromberger/more_slacked/CAV_2009_benchmarks/smt/25-vars/v25_problem_2__025.smt2.slack.smt2.samples
Corresponding SMT file: QF_LIA/20180326-Bromberger/more_slacked/CAV_2009_benchmarks/smt/25-vars/v25_problem_2__025.smt2.slack.smt2
Output will be saved to: calc_res/liasampling/time_limit_900/hybrid/QF_LIA/20180326-Bromberger/more_slacked/CAV_2009_benchmarks/smt/25-vars/v25_problem_2__025.smt2.slack.smt2.out
Processing sample file: /mnt/mydrive/liasampling/time_limt_900/QF_LIA/20180326-Bromberger/more_slacked/CAV_2009_benchmarks/smt/25-vars/v25_problem__005.smt2.slack.smt2.samples
Corresponding SMT file: QF_LIA/20180326-Bromberger/more_slacked/CAV_2009_benchmarks/smt/25-vars/v25_problem__005.smt2.slack.smt2
Output will be saved to: calc_res/liasampling/time_limit_900/hybrid/QF_LIA/20180326-Bromberger/more_slacked/CAV_2009_benchmarks/smt/25-vars/v25_problem__005.smt2.slack.smt2.out
Processing sample file: /mnt/mydrive/liasampling/time_limt_900/QF_LIA/20180326-Bromberger/more_slacked/CAV_2009_benchmarks/smt/25-vars/v25_problem_2__022.smt2.slack.smt2.samples
Corresponding SMT file: QF_LIA/20180326-Bromberger/more_slacked/CAV_2009_benchmarks/smt/25-vars/v25_problem_2__022.smt2.slack.smt2
Output will be saved to: calc_res/liasampling/time_limit_900/hybrid/QF_LIA/20180326-Bromberger/more_slacked/CAV_2009_benchmarks/smt/25-vars/v25_problem_2__022.smt2.slack.smt2.out
